<?xml version="1.0" encoding="UTF-8" ?>
<testsuite tests="28" failures="0" name="acceptanceTests.AcceptanceTest" time="1.493" errors="0" skipped="0">
  <properties>
[...]
</properties>
  <testcase classname="Data Not found" name="Client can not be found in the database" time="0.066"/>
  <testcase classname="Data Not found" name="Container can not be found in the database" time="0.019"/>
  <testcase classname="Data Not found" name="Port name is not valid" time="0.021"/>
  <testcase classname="Data Not found" name="Destination port doesnot exist" time="0.022"/>
  <testcase classname="Get Client information" name="Logistic Company can view the Client information" time="0.016"/>
  <testcase classname="Get Client information" name="Client can view its own information" time="0.015"/>
  <testcase classname="Find a journey" name="Client can track the journey of a container by Journey ID" time="0.044"/>
  <testcase classname="Find a journey" name="Client can track the containers starting journey from a Port" time="0.042"/>
  <testcase classname="Find a journey" name="Client can track the containers containing a particular cargo" time="0.034"/>
  <testcase classname="Register Container" name="Client can register a container for a journey" time="0.226"/>
  <testcase classname="Register a new Client" name="Logistic Company registers a new client" time="0.019"/>
  <testcase classname="Run simulation" name="The simulation can create a new client" time="0.148"/>
  <testcase classname="Run simulation" name="The simulation can create a new journey" time="0.126"/>
  <testcase classname="Run simulation" name="The simulation can develop a journey" time="0.133"/>
  <testcase classname="Run simulation" name="The simulation can finish a journey" time="0.146"/>
  <testcase classname="Search clients" name="Logistic Company can search by clients name" time="0.034"/>
  <testcase classname="Search clients" name="Logistic Company can search by clients email" time="0.03"/>
  <testcase classname="Search clients" name="Logistic Company can search by clients reference person" time="0.029"/>
  <testcase classname="Search clients" name="Logistic Company can search by clients phone" time="0.025"/>
  <testcase classname="Track the history of the Journey" name="The logistic Company should be able to update the internal status of the container" time="0.042"/>
  <testcase classname="Track the history of the Journey" name="The client should be able to view the internal status of the container" time="0.035"/>
  <testcase classname="Update the information of the client" name="Client can update its phone number" time="0.021"/>
  <testcase classname="Update the information of the client" name="Client can update its email number" time="0.018"/>
  <testcase classname="Update the information of the client" name="Client can update its reference Person" time="0.021"/>
  <testcase classname="Update the last port visited by the container" name="Logistic Company can update the port visited for the container" time="0.042"/>
  <testcase classname="Update the last port visited by the container" name="Logistic Company can update the port visited for the container" time="0.035"/>
  <testcase classname="Update Container Location" name="Logistic Company can register a new location for the container" time="0.027"/>
  <testcase classname="View All Active Journeys" name="Logistic Company can view all the active Journeys" time="0.057"/>
</testsuite>